  dllmain.cpp
C:\Users\Zorpze\Desktop\Linora-main\Linora-main\SDK.h(4,1): warning C4005: '_CRT_SECURE_NO_WARNINGS': macro redefinition
C:\Users\Zorpze\Desktop\Linora-main\Linora-main\dllmain.cpp : message : see previous definition of '_CRT_SECURE_NO_WARNINGS'
C:\Users\Zorpze\Desktop\Linora-main\Linora-main\vector3d.h(147,50): warning C4244: 'argument': conversion from 'double' to 'int', possible loss of data
C:\Users\Zorpze\Desktop\Linora-main\Linora-main\vector3d.h(147,78): warning C4244: 'argument': conversion from 'double' to 'int', possible loss of data
C:\Users\Zorpze\Desktop\Linora-main\Linora-main\vector3d.h(147,106): warning C4244: 'argument': conversion from 'double' to 'int', possible loss of data
C:\Users\Zorpze\Desktop\Linora-main\Linora-main\vector3d.h(147,83): warning C4244: 'argument': conversion from 'double' to 'float', possible loss of data
C:\Program Files (x86)\Microsoft DirectX SDK (June 2010)\Include\dxgitype.h(12,1): warning C4005: 'DXGI_STATUS_OCCLUDED': macro redefinition
C:\Program Files (x86)\Windows Kits\10\Include\10.0.20348.0\shared\winerror.h(57398): message : see previous definition of 'DXGI_STATUS_OCCLUDED'
C:\Program Files (x86)\Microsoft DirectX SDK (June 2010)\Include\dxgitype.h(13,1): warning C4005: 'DXGI_STATUS_CLIPPED': macro redefinition
C:\Program Files (x86)\Windows Kits\10\Include\10.0.20348.0\shared\winerror.h(57407): message : see previous definition of 'DXGI_STATUS_CLIPPED'
C:\Program Files (x86)\Microsoft DirectX SDK (June 2010)\Include\dxgitype.h(14,1): warning C4005: 'DXGI_STATUS_NO_REDIRECTION': macro redefinition
C:\Program Files (x86)\Windows Kits\10\Include\10.0.20348.0\shared\winerror.h(57416): message : see previous definition of 'DXGI_STATUS_NO_REDIRECTION'
C:\Program Files (x86)\Microsoft DirectX SDK (June 2010)\Include\dxgitype.h(15,1): warning C4005: 'DXGI_STATUS_NO_DESKTOP_ACCESS': macro redefinition
C:\Program Files (x86)\Windows Kits\10\Include\10.0.20348.0\shared\winerror.h(57425): message : see previous definition of 'DXGI_STATUS_NO_DESKTOP_ACCESS'
C:\Program Files (x86)\Microsoft DirectX SDK (June 2010)\Include\dxgitype.h(16,1): warning C4005: 'DXGI_STATUS_GRAPHICS_VIDPN_SOURCE_IN_USE': macro redefinition
C:\Program Files (x86)\Windows Kits\10\Include\10.0.20348.0\shared\winerror.h(57434): message : see previous definition of 'DXGI_STATUS_GRAPHICS_VIDPN_SOURCE_IN_USE'
C:\Program Files (x86)\Microsoft DirectX SDK (June 2010)\Include\dxgitype.h(17,1): warning C4005: 'DXGI_STATUS_MODE_CHANGED': macro redefinition
C:\Program Files (x86)\Windows Kits\10\Include\10.0.20348.0\shared\winerror.h(57443): message : see previous definition of 'DXGI_STATUS_MODE_CHANGED'
C:\Program Files (x86)\Microsoft DirectX SDK (June 2010)\Include\dxgitype.h(18,1): warning C4005: 'DXGI_STATUS_MODE_CHANGE_IN_PROGRESS': macro redefinition
C:\Program Files (x86)\Windows Kits\10\Include\10.0.20348.0\shared\winerror.h(57452): message : see previous definition of 'DXGI_STATUS_MODE_CHANGE_IN_PROGRESS'
C:\Program Files (x86)\Microsoft DirectX SDK (June 2010)\Include\dxgitype.h(21,1): warning C4005: 'DXGI_ERROR_INVALID_CALL': macro redefinition
C:\Program Files (x86)\Windows Kits\10\Include\10.0.20348.0\shared\winerror.h(57467): message : see previous definition of 'DXGI_ERROR_INVALID_CALL'
C:\Program Files (x86)\Microsoft DirectX SDK (June 2010)\Include\dxgitype.h(22,1): warning C4005: 'DXGI_ERROR_NOT_FOUND': macro redefinition
C:\Program Files (x86)\Windows Kits\10\Include\10.0.20348.0\shared\winerror.h(57476): message : see previous definition of 'DXGI_ERROR_NOT_FOUND'
C:\Program Files (x86)\Microsoft DirectX SDK (June 2010)\Include\dxgitype.h(23,1): warning C4005: 'DXGI_ERROR_MORE_DATA': macro redefinition
C:\Program Files (x86)\Windows Kits\10\Include\10.0.20348.0\shared\winerror.h(57485): message : see previous definition of 'DXGI_ERROR_MORE_DATA'
C:\Program Files (x86)\Microsoft DirectX SDK (June 2010)\Include\dxgitype.h(24,1): warning C4005: 'DXGI_ERROR_UNSUPPORTED': macro redefinition
C:\Program Files (x86)\Windows Kits\10\Include\10.0.20348.0\shared\winerror.h(57494): message : see previous definition of 'DXGI_ERROR_UNSUPPORTED'
C:\Program Files (x86)\Microsoft DirectX SDK (June 2010)\Include\dxgitype.h(25,1): warning C4005: 'DXGI_ERROR_DEVICE_REMOVED': macro redefinition
C:\Program Files (x86)\Windows Kits\10\Include\10.0.20348.0\shared\winerror.h(57503): message : see previous definition of 'DXGI_ERROR_DEVICE_REMOVED'
C:\Program Files (x86)\Microsoft DirectX SDK (June 2010)\Include\dxgitype.h(26,1): warning C4005: 'DXGI_ERROR_DEVICE_HUNG': macro redefinition
C:\Program Files (x86)\Windows Kits\10\Include\10.0.20348.0\shared\winerror.h(57512): message : see previous definition of 'DXGI_ERROR_DEVICE_HUNG'
C:\Program Files (x86)\Microsoft DirectX SDK (June 2010)\Include\dxgitype.h(27,1): warning C4005: 'DXGI_ERROR_DEVICE_RESET': macro redefinition
C:\Program Files (x86)\Windows Kits\10\Include\10.0.20348.0\shared\winerror.h(57522): message : see previous definition of 'DXGI_ERROR_DEVICE_RESET'
C:\Program Files (x86)\Microsoft DirectX SDK (June 2010)\Include\dxgitype.h(28,1): warning C4005: 'DXGI_ERROR_WAS_STILL_DRAWING': macro redefinition
C:\Program Files (x86)\Windows Kits\10\Include\10.0.20348.0\shared\winerror.h(57531): message : see previous definition of 'DXGI_ERROR_WAS_STILL_DRAWING'
C:\Program Files (x86)\Microsoft DirectX SDK (June 2010)\Include\dxgitype.h(29,1): warning C4005: 'DXGI_ERROR_FRAME_STATISTICS_DISJOINT': macro redefinition
C:\Program Files (x86)\Windows Kits\10\Include\10.0.20348.0\shared\winerror.h(57541): message : see previous definition of 'DXGI_ERROR_FRAME_STATISTICS_DISJOINT'
C:\Program Files (x86)\Microsoft DirectX SDK (June 2010)\Include\dxgitype.h(30,1): warning C4005: 'DXGI_ERROR_GRAPHICS_VIDPN_SOURCE_IN_USE': macro redefinition
C:\Program Files (x86)\Windows Kits\10\Include\10.0.20348.0\shared\winerror.h(57550): message : see previous definition of 'DXGI_ERROR_GRAPHICS_VIDPN_SOURCE_IN_USE'
C:\Program Files (x86)\Microsoft DirectX SDK (June 2010)\Include\dxgitype.h(31,1): warning C4005: 'DXGI_ERROR_DRIVER_INTERNAL_ERROR': macro redefinition
C:\Program Files (x86)\Windows Kits\10\Include\10.0.20348.0\shared\winerror.h(57560): message : see previous definition of 'DXGI_ERROR_DRIVER_INTERNAL_ERROR'
C:\Program Files (x86)\Microsoft DirectX SDK (June 2010)\Include\dxgitype.h(32,1): warning C4005: 'DXGI_ERROR_NONEXCLUSIVE': macro redefinition
C:\Program Files (x86)\Windows Kits\10\Include\10.0.20348.0\shared\winerror.h(57569): message : see previous definition of 'DXGI_ERROR_NONEXCLUSIVE'
C:\Program Files (x86)\Microsoft DirectX SDK (June 2010)\Include\dxgitype.h(33,1): warning C4005: 'DXGI_ERROR_NOT_CURRENTLY_AVAILABLE': macro redefinition
C:\Program Files (x86)\Windows Kits\10\Include\10.0.20348.0\shared\winerror.h(57578): message : see previous definition of 'DXGI_ERROR_NOT_CURRENTLY_AVAILABLE'
C:\Program Files (x86)\Microsoft DirectX SDK (June 2010)\Include\dxgitype.h(34,1): warning C4005: 'DXGI_ERROR_REMOTE_CLIENT_DISCONNECTED': macro redefinition
C:\Program Files (x86)\Windows Kits\10\Include\10.0.20348.0\shared\winerror.h(57588): message : see previous definition of 'DXGI_ERROR_REMOTE_CLIENT_DISCONNECTED'
C:\Program Files (x86)\Microsoft DirectX SDK (June 2010)\Include\dxgitype.h(35,1): warning C4005: 'DXGI_ERROR_REMOTE_OUTOFMEMORY': macro redefinition
C:\Program Files (x86)\Windows Kits\10\Include\10.0.20348.0\shared\winerror.h(57597): message : see previous definition of 'DXGI_ERROR_REMOTE_OUTOFMEMORY'
C:\Program Files (x86)\Microsoft DirectX SDK (June 2010)\Include\D3D11.h(917,1): warning C4005: 'D3D11_ERROR_TOO_MANY_UNIQUE_STATE_OBJECTS': macro redefinition
C:\Program Files (x86)\Windows Kits\10\Include\10.0.20348.0\shared\winerror.h(57875): message : see previous definition of 'D3D11_ERROR_TOO_MANY_UNIQUE_STATE_OBJECTS'
C:\Program Files (x86)\Microsoft DirectX SDK (June 2010)\Include\D3D11.h(918,1): warning C4005: 'D3D11_ERROR_FILE_NOT_FOUND': macro redefinition
C:\Program Files (x86)\Windows Kits\10\Include\10.0.20348.0\shared\winerror.h(57884): message : see previous definition of 'D3D11_ERROR_FILE_NOT_FOUND'
C:\Program Files (x86)\Microsoft DirectX SDK (June 2010)\Include\D3D11.h(919,1): warning C4005: 'D3D11_ERROR_TOO_MANY_UNIQUE_VIEW_OBJECTS': macro redefinition
C:\Program Files (x86)\Windows Kits\10\Include\10.0.20348.0\shared\winerror.h(57894): message : see previous definition of 'D3D11_ERROR_TOO_MANY_UNIQUE_VIEW_OBJECTS'
C:\Program Files (x86)\Microsoft DirectX SDK (June 2010)\Include\D3D11.h(920,1): warning C4005: 'D3D11_ERROR_DEFERRED_CONTEXT_MAP_WITHOUT_INITIAL_DISCARD': macro redefinition
C:\Program Files (x86)\Windows Kits\10\Include\10.0.20348.0\shared\winerror.h(57903): message : see previous definition of 'D3D11_ERROR_DEFERRED_CONTEXT_MAP_WITHOUT_INITIAL_DISCARD'
C:\Program Files (x86)\Microsoft DirectX SDK (June 2010)\Include\d3d10.h(608,1): warning C4005: 'D3D10_ERROR_TOO_MANY_UNIQUE_STATE_OBJECTS': macro redefinition
C:\Program Files (x86)\Windows Kits\10\Include\10.0.20348.0\shared\winerror.h(57851): message : see previous definition of 'D3D10_ERROR_TOO_MANY_UNIQUE_STATE_OBJECTS'
C:\Program Files (x86)\Microsoft DirectX SDK (June 2010)\Include\d3d10.h(609,1): warning C4005: 'D3D10_ERROR_FILE_NOT_FOUND': macro redefinition
C:\Program Files (x86)\Windows Kits\10\Include\10.0.20348.0\shared\winerror.h(57860): message : see previous definition of 'D3D10_ERROR_FILE_NOT_FOUND'
C:\Users\Zorpze\Desktop\Linora-main\Linora-main\SDK.h(293,72): warning C4244: 'argument': conversion from 'double' to 'float', possible loss of data
C:\Users\Zorpze\Desktop\Linora-main\Linora-main\SDK.h(293,34): warning C4244: 'return': conversion from 'int' to 'float', possible loss of data
C:\Users\Zorpze\Desktop\Linora-main\Linora-main\SDK.h(404,1): warning C4267: '=': conversion from 'size_t' to 'int32_t', possible loss of data
C:\Users\Zorpze\Desktop\Linora-main\Linora-main\SDK.h(662,77): warning C4244: 'argument': conversion from 'float' to 'int', possible loss of data
C:\Users\Zorpze\Desktop\Linora-main\Linora-main\SDK.h(662,127): warning C4244: 'argument': conversion from 'float' to 'int', possible loss of data
C:\Users\Zorpze\Desktop\Linora-main\Linora-main\SDK.h(662,80): warning C4244: 'argument': conversion from 'double' to 'float', possible loss of data
C:\Users\Zorpze\Desktop\Linora-main\Linora-main\SDK.h(667,73): warning C4244: 'argument': conversion from 'double' to 'int', possible loss of data
C:\Users\Zorpze\Desktop\Linora-main\Linora-main\SDK.h(667,115): warning C4244: 'argument': conversion from 'double' to 'int', possible loss of data
C:\Users\Zorpze\Desktop\Linora-main\Linora-main\SDK.h(667,157): warning C4244: 'argument': conversion from 'double' to 'int', possible loss of data
C:\Users\Zorpze\Desktop\Linora-main\Linora-main\SDK.h(667,120): warning C4244: 'argument': conversion from 'double' to 'float', possible loss of data
C:\Users\Zorpze\Desktop\Linora-main\Linora-main\SDK.h(757,19): warning C4244: 'initializing': conversion from 'double' to 'float', possible loss of data
C:\Users\Zorpze\Desktop\Linora-main\Linora-main\lazyimporter.h(475,1): warning C4267: 'argument': conversion from 'size_t' to 'DWORD', possible loss of data
C:\Users\Zorpze\Desktop\Linora-main\Linora-main\SDK.h(969): message : see reference to function template instantiation 'decltype(auto) li::detail::lazy_function<69435095,BOOL (__cdecl *)(HANDLE,HMODULE,LPMODULEINFO,DWORD)>::operator ()<HANDLE,HMODULE,MODULEINFO*,size_t>(HANDLE &&,HMODULE &&,MODULEINFO *&&,size_t &&) const' being compiled
C:\Users\Zorpze\Desktop\Linora-main\Linora-main\dllmain.cpp(73,14): warning C4244: 'initializing': conversion from 'int' to 'float', possible loss of data
C:\Users\Zorpze\Desktop\Linora-main\Linora-main\dllmain.cpp(74,14): warning C4244: 'initializing': conversion from 'int' to 'float', possible loss of data
C:\Users\Zorpze\Desktop\Linora-main\Linora-main\dllmain.cpp(76,63): warning C4244: 'argument': conversion from 'int' to 'float', possible loss of data
C:\Users\Zorpze\Desktop\Linora-main\Linora-main\dllmain.cpp(76,41): warning C4244: 'argument': conversion from 'int' to 'float', possible loss of data
C:\Users\Zorpze\Desktop\Linora-main\Linora-main\dllmain.cpp(76,30): warning C4244: 'argument': conversion from 'int' to 'float', possible loss of data
C:\Users\Zorpze\Desktop\Linora-main\Linora-main\dllmain.cpp(76,27): warning C4244: 'argument': conversion from 'int' to 'float', possible loss of data
C:\Users\Zorpze\Desktop\Linora-main\Linora-main\dllmain.cpp(78,63): warning C4244: 'argument': conversion from 'int' to 'float', possible loss of data
C:\Users\Zorpze\Desktop\Linora-main\Linora-main\dllmain.cpp(78,52): warning C4244: 'argument': conversion from 'int' to 'float', possible loss of data
C:\Users\Zorpze\Desktop\Linora-main\Linora-main\dllmain.cpp(78,30): warning C4244: 'argument': conversion from 'int' to 'float', possible loss of data
C:\Users\Zorpze\Desktop\Linora-main\Linora-main\dllmain.cpp(78,27): warning C4244: 'argument': conversion from 'int' to 'float', possible loss of data
C:\Users\Zorpze\Desktop\Linora-main\Linora-main\dllmain.cpp(80,71): warning C4244: 'argument': conversion from 'int' to 'float', possible loss of data
C:\Users\Zorpze\Desktop\Linora-main\Linora-main\dllmain.cpp(80,60): warning C4244: 'argument': conversion from 'int' to 'float', possible loss of data
C:\Users\Zorpze\Desktop\Linora-main\Linora-main\dllmain.cpp(80,55): warning C4244: 'argument': conversion from 'int' to 'float', possible loss of data
C:\Users\Zorpze\Desktop\Linora-main\Linora-main\dllmain.cpp(80,42): warning C4244: 'argument': conversion from 'int' to 'float', possible loss of data
C:\Users\Zorpze\Desktop\Linora-main\Linora-main\dllmain.cpp(82,71): warning C4244: 'argument': conversion from 'int' to 'float', possible loss of data
C:\Users\Zorpze\Desktop\Linora-main\Linora-main\dllmain.cpp(82,47): warning C4244: 'argument': conversion from 'int' to 'float', possible loss of data
C:\Users\Zorpze\Desktop\Linora-main\Linora-main\dllmain.cpp(82,34): warning C4244: 'argument': conversion from 'int' to 'float', possible loss of data
C:\Users\Zorpze\Desktop\Linora-main\Linora-main\dllmain.cpp(82,29): warning C4244: 'argument': conversion from 'int' to 'float', possible loss of data
C:\Users\Zorpze\Desktop\Linora-main\Linora-main\dllmain.cpp(84,71): warning C4244: 'argument': conversion from 'int' to 'float', possible loss of data
C:\Users\Zorpze\Desktop\Linora-main\Linora-main\dllmain.cpp(84,58): warning C4244: 'argument': conversion from 'int' to 'float', possible loss of data
C:\Users\Zorpze\Desktop\Linora-main\Linora-main\dllmain.cpp(84,53): warning C4244: 'argument': conversion from 'int' to 'float', possible loss of data
C:\Users\Zorpze\Desktop\Linora-main\Linora-main\dllmain.cpp(84,27): warning C4244: 'argument': conversion from 'int' to 'float', possible loss of data
C:\Users\Zorpze\Desktop\Linora-main\Linora-main\dllmain.cpp(86,71): warning C4244: 'argument': conversion from 'int' to 'float', possible loss of data
C:\Users\Zorpze\Desktop\Linora-main\Linora-main\dllmain.cpp(86,58): warning C4244: 'argument': conversion from 'int' to 'float', possible loss of data
C:\Users\Zorpze\Desktop\Linora-main\Linora-main\dllmain.cpp(86,32): warning C4244: 'argument': conversion from 'int' to 'float', possible loss of data
C:\Users\Zorpze\Desktop\Linora-main\Linora-main\dllmain.cpp(86,27): warning C4244: 'argument': conversion from 'int' to 'float', possible loss of data
C:\Users\Zorpze\Desktop\Linora-main\Linora-main\dllmain.cpp(88,79): warning C4244: 'argument': conversion from 'int' to 'float', possible loss of data
C:\Users\Zorpze\Desktop\Linora-main\Linora-main\dllmain.cpp(88,66): warning C4244: 'argument': conversion from 'int' to 'float', possible loss of data
C:\Users\Zorpze\Desktop\Linora-main\Linora-main\dllmain.cpp(88,59): warning C4244: 'argument': conversion from 'int' to 'float', possible loss of data
C:\Users\Zorpze\Desktop\Linora-main\Linora-main\dllmain.cpp(88,44): warning C4244: 'argument': conversion from 'int' to 'float', possible loss of data
C:\Users\Zorpze\Desktop\Linora-main\Linora-main\dllmain.cpp(90,79): warning C4244: 'argument': conversion from 'int' to 'float', possible loss of data
C:\Users\Zorpze\Desktop\Linora-main\Linora-main\dllmain.cpp(90,66): warning C4244: 'argument': conversion from 'int' to 'float', possible loss of data
C:\Users\Zorpze\Desktop\Linora-main\Linora-main\dllmain.cpp(90,59): warning C4244: 'argument': conversion from 'int' to 'float', possible loss of data
C:\Users\Zorpze\Desktop\Linora-main\Linora-main\dllmain.cpp(90,29): warning C4244: 'argument': conversion from 'int' to 'float', possible loss of data
C:\Users\Zorpze\Desktop\Linora-main\Linora-main\dllmain.cpp(221,100): warning C4244: 'argument': conversion from 'int' to 'float', possible loss of data
C:\Users\Zorpze\Desktop\Linora-main\Linora-main\dllmain.cpp(327,118): warning C4244: 'argument': conversion from 'float' to 'int', possible loss of data
C:\Users\Zorpze\Desktop\Linora-main\Linora-main\dllmain.cpp(327,93): warning C4244: 'argument': conversion from 'float' to 'int', possible loss of data
C:\Users\Zorpze\Desktop\Linora-main\Linora-main\dllmain.cpp(347,81): warning C4244: 'argument': conversion from 'float' to 'int', possible loss of data
C:\Users\Zorpze\Desktop\Linora-main\Linora-main\dllmain.cpp(357,92): warning C4244: 'argument': conversion from 'float' to 'int', possible loss of data
C:\Users\Zorpze\Desktop\Linora-main\Linora-main\dllmain.cpp(357,67): warning C4244: 'argument': conversion from 'float' to 'int', possible loss of data
C:\Users\Zorpze\Desktop\Linora-main\Linora-main\dllmain.cpp(372,29): warning C4838: conversion from 'float' to 'int' requires a narrowing conversion
C:\Users\Zorpze\Desktop\Linora-main\Linora-main\dllmain.cpp(372,29): warning C4244: 'initializing': conversion from 'float' to 'int', possible loss of data
C:\Users\Zorpze\Desktop\Linora-main\Linora-main\dllmain.cpp(372,37): warning C4838: conversion from 'float' to 'int' requires a narrowing conversion
C:\Users\Zorpze\Desktop\Linora-main\Linora-main\dllmain.cpp(372,37): warning C4244: 'initializing': conversion from 'float' to 'int', possible loss of data
C:\Users\Zorpze\Desktop\Linora-main\Linora-main\dllmain.cpp(372,47): warning C4838: conversion from 'float' to 'int' requires a narrowing conversion
C:\Users\Zorpze\Desktop\Linora-main\Linora-main\dllmain.cpp(372,47): warning C4244: 'initializing': conversion from 'float' to 'int', possible loss of data
C:\Users\Zorpze\Desktop\Linora-main\Linora-main\dllmain.cpp(372,56): warning C4838: conversion from 'float' to 'int' requires a narrowing conversion
C:\Users\Zorpze\Desktop\Linora-main\Linora-main\dllmain.cpp(372,56): warning C4244: 'initializing': conversion from 'float' to 'int', possible loss of data
C:\Users\Zorpze\Desktop\Linora-main\Linora-main\dllmain.cpp(372,72): warning C4838: conversion from 'float' to 'int' requires a narrowing conversion
C:\Users\Zorpze\Desktop\Linora-main\Linora-main\dllmain.cpp(372,72): warning C4244: 'initializing': conversion from 'float' to 'int', possible loss of data
C:\Users\Zorpze\Desktop\Linora-main\Linora-main\dllmain.cpp(372,89): warning C4838: conversion from 'float' to 'int' requires a narrowing conversion
C:\Users\Zorpze\Desktop\Linora-main\Linora-main\dllmain.cpp(372,89): warning C4244: 'initializing': conversion from 'float' to 'int', possible loss of data
C:\Users\Zorpze\Desktop\Linora-main\Linora-main\dllmain.cpp(372,102): warning C4838: conversion from 'float' to 'int' requires a narrowing conversion
C:\Users\Zorpze\Desktop\Linora-main\Linora-main\dllmain.cpp(372,102): warning C4244: 'initializing': conversion from 'float' to 'int', possible loss of data
C:\Users\Zorpze\Desktop\Linora-main\Linora-main\dllmain.cpp(372,116): warning C4838: conversion from 'float' to 'int' requires a narrowing conversion
C:\Users\Zorpze\Desktop\Linora-main\Linora-main\dllmain.cpp(372,116): warning C4244: 'initializing': conversion from 'float' to 'int', possible loss of data
C:\Users\Zorpze\Desktop\Linora-main\Linora-main\dllmain.cpp(372,128): warning C4838: conversion from 'float' to 'int' requires a narrowing conversion
C:\Users\Zorpze\Desktop\Linora-main\Linora-main\dllmain.cpp(372,128): warning C4244: 'initializing': conversion from 'float' to 'int', possible loss of data
C:\Users\Zorpze\Desktop\Linora-main\Linora-main\dllmain.cpp(372,141): warning C4838: conversion from 'float' to 'int' requires a narrowing conversion
C:\Users\Zorpze\Desktop\Linora-main\Linora-main\dllmain.cpp(372,141): warning C4244: 'initializing': conversion from 'float' to 'int', possible loss of data
C:\Users\Zorpze\Desktop\Linora-main\Linora-main\dllmain.cpp(372,152): warning C4838: conversion from 'float' to 'int' requires a narrowing conversion
C:\Users\Zorpze\Desktop\Linora-main\Linora-main\dllmain.cpp(372,152): warning C4244: 'initializing': conversion from 'float' to 'int', possible loss of data
C:\Users\Zorpze\Desktop\Linora-main\Linora-main\dllmain.cpp(372,164): warning C4838: conversion from 'float' to 'int' requires a narrowing conversion
C:\Users\Zorpze\Desktop\Linora-main\Linora-main\dllmain.cpp(372,164): warning C4244: 'initializing': conversion from 'float' to 'int', possible loss of data
C:\Users\Zorpze\Desktop\Linora-main\Linora-main\dllmain.cpp(372,177): warning C4838: conversion from 'float' to 'int' requires a narrowing conversion
C:\Users\Zorpze\Desktop\Linora-main\Linora-main\dllmain.cpp(372,177): warning C4244: 'initializing': conversion from 'float' to 'int', possible loss of data
C:\Users\Zorpze\Desktop\Linora-main\Linora-main\dllmain.cpp(372,191): warning C4838: conversion from 'float' to 'int' requires a narrowing conversion
C:\Users\Zorpze\Desktop\Linora-main\Linora-main\dllmain.cpp(372,191): warning C4244: 'initializing': conversion from 'float' to 'int', possible loss of data
C:\Users\Zorpze\Desktop\Linora-main\Linora-main\dllmain.cpp(372,203): warning C4838: conversion from 'float' to 'int' requires a narrowing conversion
C:\Users\Zorpze\Desktop\Linora-main\Linora-main\dllmain.cpp(372,203): warning C4244: 'initializing': conversion from 'float' to 'int', possible loss of data
C:\Users\Zorpze\Desktop\Linora-main\Linora-main\dllmain.cpp(372,216): warning C4838: conversion from 'float' to 'int' requires a narrowing conversion
C:\Users\Zorpze\Desktop\Linora-main\Linora-main\dllmain.cpp(372,216): warning C4244: 'initializing': conversion from 'float' to 'int', possible loss of data
C:\Users\Zorpze\Desktop\Linora-main\Linora-main\dllmain.cpp(372,228): warning C4838: conversion from 'float' to 'int' requires a narrowing conversion
C:\Users\Zorpze\Desktop\Linora-main\Linora-main\dllmain.cpp(372,228): warning C4244: 'initializing': conversion from 'float' to 'int', possible loss of data
C:\Users\Zorpze\Desktop\Linora-main\Linora-main\dllmain.cpp(372,241): warning C4838: conversion from 'float' to 'int' requires a narrowing conversion
C:\Users\Zorpze\Desktop\Linora-main\Linora-main\dllmain.cpp(372,241): warning C4244: 'initializing': conversion from 'float' to 'int', possible loss of data
C:\Users\Zorpze\Desktop\Linora-main\Linora-main\dllmain.cpp(372,259): warning C4838: conversion from 'float' to 'int' requires a narrowing conversion
C:\Users\Zorpze\Desktop\Linora-main\Linora-main\dllmain.cpp(372,259): warning C4244: 'initializing': conversion from 'float' to 'int', possible loss of data
C:\Users\Zorpze\Desktop\Linora-main\Linora-main\dllmain.cpp(372,278): warning C4838: conversion from 'float' to 'int' requires a narrowing conversion
C:\Users\Zorpze\Desktop\Linora-main\Linora-main\dllmain.cpp(372,278): warning C4244: 'initializing': conversion from 'float' to 'int', possible loss of data
C:\Users\Zorpze\Desktop\Linora-main\Linora-main\dllmain.cpp(481,34): warning C4244: 'argument': conversion from 'int' to 'float', possible loss of data
C:\Users\Zorpze\Desktop\Linora-main\Linora-main\dllmain.cpp(666,20): warning C4244: '=': conversion from 'LONG' to 'float', possible loss of data
C:\Users\Zorpze\Desktop\Linora-main\Linora-main\dllmain.cpp(667,20): warning C4244: '=': conversion from 'LONG' to 'float', possible loss of data
C:\Users\Zorpze\Desktop\Linora-main\Linora-main\dllmain.cpp(710,51): warning C4244: '=': conversion from 'int' to 'float', possible loss of data
C:\Users\Zorpze\Desktop\Linora-main\Linora-main\dllmain.cpp(711,52): warning C4244: '=': conversion from 'int' to 'float', possible loss of data
  Generating code
C:\Users\Zorpze\Desktop\Linora-main\Linora-main\dllmain.cpp(493): warning C4715: 'EntitiyLoop': not all control paths return a value
  281 of 1712 functions (16.4%) were compiled, the rest were copied from previous compilation.
    178 functions were new in current compilation
    67 functions had inline decision re-evaluated but remain unchanged
  Finished generating code
  [._.].vcxproj -> C:\Users\Zorpze\Desktop\Linora-main\Linora-main\x64\Release\Updated-Chapter3.dll
