c:\users\zorpze\desktop\linora-main\linora-main\x64\release\vc143.pdb
c:\users\zorpze\desktop\linora-main\linora-main\x64\release\vector3d.obj
c:\users\zorpze\desktop\linora-main\linora-main\x64\release\imgui_impl_dx11.obj
c:\users\zorpze\desktop\linora-main\linora-main\x64\release\imgui_draw.obj
c:\users\zorpze\desktop\linora-main\linora-main\x64\release\imgui.obj
c:\users\zorpze\desktop\linora-main\linora-main\x64\release\dllmain.obj
c:\users\zorpze\desktop\linora-main\linora-main\x64\release\google.dll
c:\users\zorpze\desktop\linora-main\linora-main\x64\release\google.pdb
c:\users\zorpze\desktop\linora-main\linora-main\x64\release\updated-chapter3.dll
c:\users\zorpze\desktop\linora-main\linora-main\x64\release\updated-chapter3.pdb
c:\users\zorpze\desktop\linora-main\linora-main\x64\release\ntusersendinput.obj
c:\users\zorpze\desktop\linora-main\linora-main\x64\release\shell.obj
c:\users\zorpze\desktop\linora-main\linora-main\x64\release\google.ipdb
c:\users\zorpze\desktop\linora-main\linora-main\x64\release\google.iobj
c:\users\zorpze\desktop\linora-main\linora-main\x64\release\updated-chapter3.ipdb
c:\users\zorpze\desktop\linora-main\linora-main\x64\release\updated-chapter3.iobj
c:\users\zorpze\desktop\linora-main\linora-main\x64\release\[._.].tlog\cl.command.1.tlog
c:\users\zorpze\desktop\linora-main\linora-main\x64\release\[._.].tlog\cl.read.1.tlog
c:\users\zorpze\desktop\linora-main\linora-main\x64\release\[._.].tlog\cl.write.1.tlog
c:\users\zorpze\desktop\linora-main\linora-main\x64\release\[._.].tlog\link.command.1.tlog
c:\users\zorpze\desktop\linora-main\linora-main\x64\release\[._.].tlog\link.read.1.tlog
c:\users\zorpze\desktop\linora-main\linora-main\x64\release\[._.].tlog\link.write.1.tlog
c:\users\zorpze\desktop\linora-main\linora-main\x64\release\[._.].tlog\masm.read.1u.tlog
c:\users\zorpze\desktop\linora-main\linora-main\x64\release\[._.].tlog\masm.write.1u.tlog
c:\users\zorpze\desktop\linora-main\linora-main\x64\release\[._.].tlog\[._.].write.1u.tlog
